<?xml version="1.0" encoding="UTF-8"?>
<!-- Generated by org.testng.reporters.JUnitReportReporter -->
<testsuite hostname="LAPTOP-VU95FG60" failures="0" tests="3" name="day19TestNG.TestDDT_FB" time="27.911" errors="0" timestamp="2020-08-15T10:52:16 IST" skipped="0">
  <testcase classname="day19TestNG.TestDDT_FB" name="testFaceBook" time="8.686"/>
  <testcase classname="day19TestNG.TestDDT_FB" name="testFaceBook" time="10.415"/>
  <testcase classname="day19TestNG.TestDDT_FB" name="testFaceBook" time="8.810"/>
</testsuite> <!-- day19TestNG.TestDDT_FB -->
