<?xml version="1.0" encoding="UTF-8"?>
<!-- Generated by org.testng.reporters.JUnitReportReporter -->
<testsuite hostname="LAPTOP-VU95FG60" failures="0" tests="3" name="day18TestNG.AnnotationExample1" time="0.038" errors="0" timestamp="2020-08-12T11:03:44 IST" skipped="0">
  <testcase classname="day18TestNG.AnnotationExample1" name="search" time="0.032"/>
  <testcase classname="day18TestNG.AnnotationExample1" name="advsearch" time="0.004"/>
  <testcase classname="day18TestNG.AnnotationExample1" name="recharge" time="0.002"/>
</testsuite> <!-- day18TestNG.AnnotationExample1 -->
