<?xml version="1.0" encoding="UTF-8"?>
<!-- Generated by org.testng.reporters.JUnitReportReporter -->
<testsuite hostname="LAPTOP-VU95FG60" failures="0" tests="1" name="day22PageObjectModel.LoginTest" time="6.440" errors="0" timestamp="2020-08-19T11:08:30 IST" skipped="0">
  <testcase classname="day22PageObjectModel.LoginTest" name="login" time="6.440"/>
</testsuite> <!-- day22PageObjectModel.LoginTest -->
