<?xml version="1.0" encoding="UTF-8"?>
<!-- Generated by org.testng.reporters.JUnitReportReporter -->
<testsuite hostname="LAPTOP-VU95FG60" failures="0" tests="3" name="day21Log4J.Log4jdemo" time="0.261" errors="0" timestamp="2020-08-18T11:39:09 IST" skipped="0">
  <testcase classname="day21Log4J.Log4jdemo" name="setup" time="0.252"/>
  <testcase classname="day21Log4J.Log4jdemo" name="login" time="0.006"/>
  <testcase classname="day21Log4J.Log4jdemo" name="logout" time="0.003"/>
</testsuite> <!-- day21Log4J.Log4jdemo -->
