<?xml version="1.0" encoding="UTF-8"?>
<!-- Generated by org.testng.reporters.JUnitReportReporter -->
<testsuite hostname="LAPTOP-VU95FG60" failures="0" tests="3" name="BeforeAfterTestPackage.TestCase1" time="0.025" errors="0" timestamp="2020-08-12T11:21:02 IST" skipped="0">
  <testcase classname="BeforeAfterTestPackage.TestCase1" name="method1" time="0.018"/>
  <testcase classname="BeforeAfterTestPackage.TestCase1" name="method2" time="0.003"/>
  <testcase classname="BeforeAfterTestPackage.TestCase1" name="method3" time="0.004"/>
</testsuite> <!-- BeforeAfterTestPackage.TestCase1 -->
