<?xml version="1.0" encoding="UTF-8"?>
<!-- Generated by org.testng.reporters.JUnitReportReporter -->
<testsuite hostname="LAPTOP-VU95FG60" failures="0" tests="3" name="day19TestNG.DataProviderExample2" time="0.028" errors="0" timestamp="2020-08-15T10:45:21 IST" skipped="0">
  <testcase classname="day19TestNG.DataProviderExample2" name="setData" time="0.020"/>
  <testcase classname="day19TestNG.DataProviderExample2" name="setData" time="0.005"/>
  <testcase classname="day19TestNG.DataProviderExample2" name="setData" time="0.003"/>
</testsuite> <!-- day19TestNG.DataProviderExample2 -->
