<?xml version="1.0" encoding="UTF-8"?>
<!-- Generated by org.testng.reporters.JUnitReportReporter -->
<testsuite hostname="LAPTOP-VU95FG60" failures="0" tests="4" name="day19TestNG.DependencyMethods" time="0.040" errors="0" timestamp="2020-08-14T10:56:12 IST" skipped="1">
  <testcase classname="day19TestNG.DependencyMethods" name="openURL" time="0.033"/>
  <testcase classname="day19TestNG.DependencyMethods" name="login" time="0.004"/>
  <testcase classname="day19TestNG.DependencyMethods" name="logout" time="0.003"/>
  <testcase classname="day19TestNG.DependencyMethods" name="search">
    <skipped/>
  </testcase> <!-- search -->
</testsuite> <!-- day19TestNG.DependencyMethods -->
