<?xml version="1.0" encoding="UTF-8"?>
<!-- Generated by org.testng.reporters.JUnitReportReporter -->
<testsuite hostname="LAPTOP-VU95FG60" failures="0" tests="3" name="day18TestNG.LoginLogoutTest" time="0.032" errors="0" timestamp="2020-08-14T10:29:51 IST" skipped="0">
  <testcase classname="day18TestNG.LoginLogoutTest" name="openURL" time="0.025"/>
  <testcase classname="day18TestNG.LoginLogoutTest" name="login" time="0.004"/>
  <testcase classname="day18TestNG.LoginLogoutTest" name="logout" time="0.003"/>
</testsuite> <!-- day18TestNG.LoginLogoutTest -->
