<?xml version="1.0" encoding="UTF-8"?>
<!-- Generated by org.testng.reporters.JUnitReportReporter -->
<testsuite hostname="LAPTOP-VU95FG60" failures="0" tests="3" name="BeforeAfterTestPackage.TestCase2" time="0.009" errors="0" timestamp="2020-08-12T11:21:02 IST" skipped="0">
  <testcase classname="BeforeAfterTestPackage.TestCase2" name="method4" time="0.003"/>
  <testcase classname="BeforeAfterTestPackage.TestCase2" name="method6" time="0.004"/>
  <testcase classname="BeforeAfterTestPackage.TestCase2" name="method5" time="0.002"/>
</testsuite> <!-- BeforeAfterTestPackage.TestCase2 -->
