<?xml version="1.0" encoding="UTF-8"?>
<!-- Generated by org.testng.reporters.JUnitReportReporter -->
<testsuite hostname="LAPTOP-VU95FG60" failures="0" tests="6" name="day19TestNG.CrossBrowserTest" time="29.731" errors="0" timestamp="2020-08-14T11:33:07 IST" skipped="0">
  <testcase classname="day19TestNG.CrossBrowserTest" name="launchbrowser" time="7.855"/>
  <testcase classname="day19TestNG.CrossBrowserTest" name="launchbrowser" time="8.928"/>
  <testcase classname="day19TestNG.CrossBrowserTest" name="verifyTitle" time="6.397"/>
  <testcase classname="day19TestNG.CrossBrowserTest" name="verifyTitle" time="6.129"/>
  <testcase classname="day19TestNG.CrossBrowserTest" name="closeBrowser" time="0.241"/>
  <testcase classname="day19TestNG.CrossBrowserTest" name="closeBrowser" time="0.181"/>
</testsuite> <!-- day19TestNG.CrossBrowserTest -->
