<?xml version="1.0" encoding="UTF-8"?>
<!-- Generated by org.testng.reporters.JUnitReportReporter -->
<testsuite hostname="LAPTOP-VU95FG60" failures="0" tests="3" name="day18TestNG.AnnotaionExample2" time="0.017" errors="0" timestamp="2020-08-12T11:07:22 IST" skipped="0">
  <testcase classname="day18TestNG.AnnotaionExample2" name="search" time="0.010"/>
  <testcase classname="day18TestNG.AnnotaionExample2" name="advsearch" time="0.004"/>
  <testcase classname="day18TestNG.AnnotaionExample2" name="recharge" time="0.003"/>
</testsuite> <!-- day18TestNG.AnnotaionExample2 -->
