<?xml version="1.0" encoding="UTF-8"?>
<!-- Generated by org.testng.reporters.JUnitReportReporter -->
<testsuite hostname="LAPTOP-VU95FG60" failures="0" tests="1" name="day19TestNG.ParameterUsingXML" time="0.024" errors="0" timestamp="2020-08-14T11:19:25 IST" skipped="0">
  <testcase classname="day19TestNG.ParameterUsingXML" name="m1" time="0.024"/>
</testsuite> <!-- day19TestNG.ParameterUsingXML -->
